[debug] [2024-09-01T14:41:01.628Z] ----------------------------------------------------------------------
[debug] [2024-09-01T14:41:01.630Z] Command:       C:\Program Files\nodejs\node.exe C:\Users\scott\AppData\Roaming\npm\node_modules\firebase-tools\lib\bin\firebase.js emulators:start
[debug] [2024-09-01T14:41:01.631Z] CLI Version:   13.16.0
[debug] [2024-09-01T14:41:01.631Z] Platform:      win32
[debug] [2024-09-01T14:41:01.631Z] Node Version:  v20.10.0
[debug] [2024-09-01T14:41:01.631Z] Time:          Sun Sep 01 2024 16:41:01 GMT+0200 (South Africa Standard Time)
[debug] [2024-09-01T14:41:01.631Z] ----------------------------------------------------------------------
[debug] 
[debug] [2024-09-01T14:41:01.727Z] > command requires scopes: ["email","openid","https://www.googleapis.com/auth/cloudplatformprojects.readonly","https://www.googleapis.com/auth/firebase","https://www.googleapis.com/auth/cloud-platform"]
[debug] [2024-09-01T14:41:01.727Z] > authorizing via signed-in user (scottbebington@gmail.com)
[info] i  emulators: Starting emulators: functions {"metadata":{"emulator":{"name":"hub"},"message":"Starting emulators: functions"}}
[debug] [2024-09-01T14:41:01.735Z] [logging] Logging Emulator only supports listening on one address (127.0.0.1). Not listening on ::1
[debug] [2024-09-01T14:41:01.735Z] assigned listening specs for emulators {"user":{"hub":[{"address":"127.0.0.1","family":"IPv4","port":4400},{"address":"::1","family":"IPv6","port":4400}],"ui":[{"address":"127.0.0.1","family":"IPv4","port":4000},{"address":"::1","family":"IPv6","port":4000}],"logging":[{"address":"127.0.0.1","family":"IPv4","port":4500}]},"metadata":{"message":"assigned listening specs for emulators"}}
[debug] [2024-09-01T14:41:01.740Z] [hub] writing locator at C:\Users\scott\AppData\Local\Temp\hub-alex-lottery.json
[debug] [2024-09-01T14:41:01.757Z] [functions] Functions Emulator only supports listening on one address (127.0.0.1). Not listening on ::1
[debug] [2024-09-01T14:41:01.757Z] [eventarc] Eventarc Emulator only supports listening on one address (127.0.0.1). Not listening on ::1
[debug] [2024-09-01T14:41:01.758Z] [tasks] Cloud Tasks Emulator only supports listening on one address (127.0.0.1). Not listening on ::1
[debug] [2024-09-01T14:41:01.758Z] late-assigned ports for functions and eventarc emulators {"user":{"hub":[{"address":"127.0.0.1","family":"IPv4","port":4400},{"address":"::1","family":"IPv6","port":4400}],"ui":[{"address":"127.0.0.1","family":"IPv4","port":4000},{"address":"::1","family":"IPv6","port":4000}],"logging":[{"address":"127.0.0.1","family":"IPv4","port":4500}],"functions":[{"address":"127.0.0.1","family":"IPv4","port":5001}],"eventarc":[{"address":"127.0.0.1","family":"IPv4","port":9299}],"tasks":[{"address":"127.0.0.1","family":"IPv4","port":9499}]},"metadata":{"message":"late-assigned ports for functions and eventarc emulators"}}
[warn] !  functions: The following emulators are not running, calls to these services from the Functions emulator will affect production: auth, firestore, database, hosting, pubsub, storage, dataconnect {"metadata":{"emulator":{"name":"functions"},"message":"The following emulators are not running, calls to these services from the Functions emulator will affect production: \u001b[1mauth, firestore, database, hosting, pubsub, storage, dataconnect\u001b[22m"}}
[debug] [2024-09-01T14:41:01.761Z] defaultcredentials: writing to file C:\Users\scott\AppData\Roaming\firebase\scottbebington_gmail_com_application_default_credentials.json
[debug] [2024-09-01T14:41:01.764Z] Setting GAC to C:\Users\scott\AppData\Roaming\firebase\scottbebington_gmail_com_application_default_credentials.json {"metadata":{"emulator":{"name":"functions"},"message":"Setting GAC to C:\\Users\\scott\\AppData\\Roaming\\firebase\\scottbebington_gmail_com_application_default_credentials.json"}}
[debug] [2024-09-01T14:41:01.765Z] >>> [apiv2][query] GET https://firebase.googleapis.com/v1beta1/projects/alex-lottery/adminSdkConfig [none]
[debug] [2024-09-01T14:41:02.305Z] <<< [apiv2][status] GET https://firebase.googleapis.com/v1beta1/projects/alex-lottery/adminSdkConfig 200
[debug] [2024-09-01T14:41:02.306Z] <<< [apiv2][body] GET https://firebase.googleapis.com/v1beta1/projects/alex-lottery/adminSdkConfig {"projectId":"alex-lottery","databaseURL":"https://alex-lottery-default-rtdb.europe-west1.firebasedatabase.app","storageBucket":"alex-lottery.appspot.com"}
[debug] [2024-09-01T14:41:02.327Z] Ignoring unsupported arg: auto_download {"metadata":{"emulator":{"name":"ui"},"message":"Ignoring unsupported arg: auto_download"}}
[debug] [2024-09-01T14:41:02.328Z] Ignoring unsupported arg: port {"metadata":{"emulator":{"name":"ui"},"message":"Ignoring unsupported arg: port"}}
[debug] [2024-09-01T14:41:02.328Z] Starting Emulator UI with command {"binary":"node","args":["C:\\Users\\scott\\.cache\\firebase\\emulators\\ui-v1.13.0\\server\\server.mjs"],"optionalArgs":[],"joinArgs":false,"shell":false} {"metadata":{"emulator":{"name":"ui"},"message":"Starting Emulator UI with command {\"binary\":\"node\",\"args\":[\"C:\\\\Users\\\\scott\\\\.cache\\\\firebase\\\\emulators\\\\ui-v1.13.0\\\\server\\\\server.mjs\"],\"optionalArgs\":[],\"joinArgs\":false,\"shell\":false}"}}
[info] i  ui: Emulator UI logging to ui-debug.log {"metadata":{"emulator":{"name":"ui"},"message":"Emulator UI logging to \u001b[1mui-debug.log\u001b[22m"}}
[debug] [2024-09-01T14:41:02.442Z] Web / API server started at 127.0.0.1:4000
 {"metadata":{"emulator":{"name":"ui"},"message":"Web / API server started at 127.0.0.1:4000\n"}}
[debug] [2024-09-01T14:41:02.443Z] Web / API server started at ::1:4000
 {"metadata":{"emulator":{"name":"ui"},"message":"Web / API server started at ::1:4000\n"}}
[info] i  functions: Watching "C:\Users\scott\Documents\Github\Alex-Lottery\functions" for Cloud Functions... {"metadata":{"emulator":{"name":"functions"},"message":"Watching \"C:\\Users\\scott\\Documents\\Github\\Alex-Lottery\\functions\" for Cloud Functions..."}}
[debug] [2024-09-01T14:41:02.555Z] Validating nodejs source
[debug] [2024-09-01T14:41:03.812Z] > [functions] package.json contents: {
  "name": "functions",
  "description": "Cloud Functions for Firebase",
  "scripts": {
    "lint": "eslint .",
    "serve": "firebase emulators:start --only functions",
    "shell": "firebase functions:shell",
    "start": "npm run shell",
    "deploy": "firebase deploy --only functions",
    "logs": "firebase functions:log"
  },
  "engines": {
    "node": "18"
  },
  "main": "index.js",
  "dependencies": {
    "firebase-admin": "^12.4.0",
    "firebase-functions": "^5.0.0"
  },
  "devDependencies": {
    "eslint": "^8.15.0",
    "eslint-config-google": "^0.14.0",
    "firebase-functions-test": "^3.1.0"
  },
  "private": true
}
[debug] [2024-09-01T14:41:03.812Z] Building nodejs source
[debug] [2024-09-01T14:41:03.813Z] Failed to find version of module node: reached end of search path C:\Users\scott\Documents\Github\Alex-Lottery\functions\node_modules
[warn] !  functions: Your requested "node" version "18" doesn't match your global version "20". Using node@20 from host. 
[debug] [2024-09-01T14:41:03.815Z] Could not find functions.yaml. Must use http discovery
[debug] [2024-09-01T14:41:03.819Z] Found firebase-functions binary at 'C:\Users\scott\Documents\Github\Alex-Lottery\functions\node_modules\.bin\firebase-functions'
[info] Serving at port 8965

[debug] [2024-09-01T14:41:04.280Z] Got response from /__/functions.yaml {"endpoints":{"updateXmasDrawData":{"platform":"gcfv1","availableMemoryMb":null,"timeoutSeconds":null,"minInstances":null,"maxInstances":null,"ingressSettings":null,"serviceAccountEmail":null,"vpc":null,"httpsTrigger":{},"entryPoint":"updateXmasDrawData"}},"specVersion":"v1alpha1","requiredAPIs":[],"extensions":{}}
[info] +  functions: Loaded functions definitions from source: updateXmasDrawData. {"metadata":{"emulator":{"name":"functions"},"message":"Loaded functions definitions from source: updateXmasDrawData."}}
[info] +  functions[us-central1-updateXmasDrawData]: http function initialized (http://127.0.0.1:5001/alex-lottery/us-central1/updateXmasDrawData). {"metadata":{"emulator":{"name":"functions"},"message":"\u001b[1mhttp\u001b[22m function initialized (http://127.0.0.1:5001/alex-lottery/us-central1/updateXmasDrawData)."}}
[info] 
┌─────────────────────────────────────────────────────────────┐
│ ✔  All emulators ready! It is now safe to connect your app. │
│ i  View Emulator UI at http://127.0.0.1:4000/               │
└─────────────────────────────────────────────────────────────┘

┌───────────┬────────────────┬─────────────────────────────────┐
│ Emulator  │ Host:Port      │ View in Emulator UI             │
├───────────┼────────────────┼─────────────────────────────────┤
│ Functions │ 127.0.0.1:5001 │ http://127.0.0.1:4000/functions │
└───────────┴────────────────┴─────────────────────────────────┘
  Emulator Hub running at 127.0.0.1:4400
  Other reserved ports: 4500

Issues? Report them at https://github.com/firebase/firebase-tools/issues and attach the *-debug.log files.
 
[debug] [2024-09-01T14:41:21.752Z] [work-queue] {"queuedWork":["/alex-lottery/us-central1/updateXmasDrawData-2024-09-01T14:41:21.752Z"],"queueLength":1,"runningWork":[],"workRunningCount":0}
[debug] [2024-09-01T14:41:21.753Z] [work-queue] {"queuedWork":[],"queueLength":0,"runningWork":["/alex-lottery/us-central1/updateXmasDrawData-2024-09-01T14:41:21.752Z"],"workRunningCount":1}
[debug] [2024-09-01T14:41:21.754Z] Accepted request OPTIONS /alex-lottery/us-central1/updateXmasDrawData --> us-central1-updateXmasDrawData
[debug] [2024-09-01T14:41:21.758Z] [functions] Runtime ready! Sending request! {"metadata":{"emulator":{"name":"functions"},"message":"[functions] Runtime ready! Sending request!"}}
[debug] [2024-09-01T14:41:21.758Z] [functions] Got req.url=/alex-lottery/us-central1/updateXmasDrawData, mapping to path=/ {"metadata":{"emulator":{"name":"functions"},"message":"[functions] Got req.url=/alex-lottery/us-central1/updateXmasDrawData, mapping to path=/"}}
[debug] [2024-09-01T14:41:21.768Z] [worker-pool] addWorker(us-central1-updateXmasDrawData) {"metadata":{"emulator":{"name":"functions"},"message":"[worker-pool] addWorker(us-central1-updateXmasDrawData)"}}
[debug] [2024-09-01T14:41:21.769Z] [worker-pool] Adding worker with key us-central1-updateXmasDrawData, total=1 {"metadata":{"emulator":{"name":"functions"},"message":"[worker-pool] Adding worker with key us-central1-updateXmasDrawData, total=1"}}
[debug] [2024-09-01T14:41:22.962Z] [runtime-status] [14228] Resolved module firebase-admin {"declared":true,"installed":true,"version":"12.4.0","resolution":"C:\\Users\\scott\\Documents\\Github\\Alex-Lottery\\functions\\node_modules\\firebase-admin\\lib\\index.js"} {"metadata":{"emulator":{"name":"functions"},"function":{"name":"us-central1-updateXmasDrawData"},"extension":{},"message":"[runtime-status] [14228] Resolved module firebase-admin {\"declared\":true,\"installed\":true,\"version\":\"12.4.0\",\"resolution\":\"C:\\\\Users\\\\scott\\\\Documents\\\\Github\\\\Alex-Lottery\\\\functions\\\\node_modules\\\\firebase-admin\\\\lib\\\\index.js\"}"}}
[debug] [2024-09-01T14:41:22.963Z] [runtime-status] [14228] Resolved module firebase-functions {"declared":true,"installed":true,"version":"5.1.1","resolution":"C:\\Users\\scott\\Documents\\Github\\Alex-Lottery\\functions\\node_modules\\firebase-functions\\lib\\v1\\index.js"} {"metadata":{"emulator":{"name":"functions"},"function":{"name":"us-central1-updateXmasDrawData"},"extension":{},"message":"[runtime-status] [14228] Resolved module firebase-functions {\"declared\":true,\"installed\":true,\"version\":\"5.1.1\",\"resolution\":\"C:\\\\Users\\\\scott\\\\Documents\\\\Github\\\\Alex-Lottery\\\\functions\\\\node_modules\\\\firebase-functions\\\\lib\\\\v1\\\\index.js\"}"}}
[debug] [2024-09-01T14:41:22.963Z] [runtime-status] [14228] Outgoing network have been stubbed. [{"name":"http","status":"mocked"},{"name":"http","status":"mocked"},{"name":"https","status":"mocked"},{"name":"https","status":"mocked"},{"name":"net","status":"mocked"}] {"metadata":{"emulator":{"name":"functions"},"function":{"name":"us-central1-updateXmasDrawData"},"extension":{},"message":"[runtime-status] [14228] Outgoing network have been stubbed. [{\"name\":\"http\",\"status\":\"mocked\"},{\"name\":\"http\",\"status\":\"mocked\"},{\"name\":\"https\",\"status\":\"mocked\"},{\"name\":\"https\",\"status\":\"mocked\"},{\"name\":\"net\",\"status\":\"mocked\"}]"}}
[debug] [2024-09-01T14:41:22.964Z] [runtime-status] [14228] Resolved module firebase-functions {"declared":true,"installed":true,"version":"5.1.1","resolution":"C:\\Users\\scott\\Documents\\Github\\Alex-Lottery\\functions\\node_modules\\firebase-functions\\lib\\v1\\index.js"} {"metadata":{"emulator":{"name":"functions"},"function":{"name":"us-central1-updateXmasDrawData"},"extension":{},"message":"[runtime-status] [14228] Resolved module firebase-functions {\"declared\":true,\"installed\":true,\"version\":\"5.1.1\",\"resolution\":\"C:\\\\Users\\\\scott\\\\Documents\\\\Github\\\\Alex-Lottery\\\\functions\\\\node_modules\\\\firebase-functions\\\\lib\\\\v1\\\\index.js\"}"}}
[debug] [2024-09-01T14:41:23.185Z] [runtime-status] [14228] Checked functions.config() {"config":{}} {"metadata":{"emulator":{"name":"functions"},"function":{"name":"us-central1-updateXmasDrawData"},"extension":{},"message":"[runtime-status] [14228] Checked functions.config() {\"config\":{}}"}}
[debug] [2024-09-01T14:41:23.185Z] [runtime-status] [14228] firebase-functions has been stubbed. {"functionsResolution":{"declared":true,"installed":true,"version":"5.1.1","resolution":"C:\\Users\\scott\\Documents\\Github\\Alex-Lottery\\functions\\node_modules\\firebase-functions\\lib\\v1\\index.js"}} {"metadata":{"emulator":{"name":"functions"},"function":{"name":"us-central1-updateXmasDrawData"},"extension":{},"message":"[runtime-status] [14228] firebase-functions has been stubbed. {\"functionsResolution\":{\"declared\":true,\"installed\":true,\"version\":\"5.1.1\",\"resolution\":\"C:\\\\Users\\\\scott\\\\Documents\\\\Github\\\\Alex-Lottery\\\\functions\\\\node_modules\\\\firebase-functions\\\\lib\\\\v1\\\\index.js\"}}"}}
[debug] [2024-09-01T14:41:23.186Z] [runtime-status] [14228] Resolved module firebase-functions {"declared":true,"installed":true,"version":"5.1.1","resolution":"C:\\Users\\scott\\Documents\\Github\\Alex-Lottery\\functions\\node_modules\\firebase-functions\\lib\\v1\\index.js"} {"metadata":{"emulator":{"name":"functions"},"function":{"name":"us-central1-updateXmasDrawData"},"extension":{},"message":"[runtime-status] [14228] Resolved module firebase-functions {\"declared\":true,\"installed\":true,\"version\":\"5.1.1\",\"resolution\":\"C:\\\\Users\\\\scott\\\\Documents\\\\Github\\\\Alex-Lottery\\\\functions\\\\node_modules\\\\firebase-functions\\\\lib\\\\v1\\\\index.js\"}"}}
[debug] [2024-09-01T14:41:23.187Z] [runtime-status] [14228] Resolved module firebase-admin {"declared":true,"installed":true,"version":"12.4.0","resolution":"C:\\Users\\scott\\Documents\\Github\\Alex-Lottery\\functions\\node_modules\\firebase-admin\\lib\\index.js"} {"metadata":{"emulator":{"name":"functions"},"function":{"name":"us-central1-updateXmasDrawData"},"extension":{},"message":"[runtime-status] [14228] Resolved module firebase-admin {\"declared\":true,\"installed\":true,\"version\":\"12.4.0\",\"resolution\":\"C:\\\\Users\\\\scott\\\\Documents\\\\Github\\\\Alex-Lottery\\\\functions\\\\node_modules\\\\firebase-admin\\\\lib\\\\index.js\"}"}}
[debug] [2024-09-01T14:41:23.189Z] [runtime-status] [14228] Resolved module firebase-functions {"declared":true,"installed":true,"version":"5.1.1","resolution":"C:\\Users\\scott\\Documents\\Github\\Alex-Lottery\\functions\\node_modules\\firebase-functions\\lib\\v1\\index.js"} {"metadata":{"emulator":{"name":"functions"},"function":{"name":"us-central1-updateXmasDrawData"},"extension":{},"message":"[runtime-status] [14228] Resolved module firebase-functions {\"declared\":true,\"installed\":true,\"version\":\"5.1.1\",\"resolution\":\"C:\\\\Users\\\\scott\\\\Documents\\\\Github\\\\Alex-Lottery\\\\functions\\\\node_modules\\\\firebase-functions\\\\lib\\\\v1\\\\index.js\"}"}}
[debug] [2024-09-01T14:41:23.189Z] [runtime-status] [14228] firebase-admin has been stubbed. {"adminResolution":{"declared":true,"installed":true,"version":"12.4.0","resolution":"C:\\Users\\scott\\Documents\\Github\\Alex-Lottery\\functions\\node_modules\\firebase-admin\\lib\\index.js"}} {"metadata":{"emulator":{"name":"functions"},"function":{"name":"us-central1-updateXmasDrawData"},"extension":{},"message":"[runtime-status] [14228] firebase-admin has been stubbed. {\"adminResolution\":{\"declared\":true,\"installed\":true,\"version\":\"12.4.0\",\"resolution\":\"C:\\\\Users\\\\scott\\\\Documents\\\\Github\\\\Alex-Lottery\\\\functions\\\\node_modules\\\\firebase-admin\\\\lib\\\\index.js\"}}"}}
[debug] [2024-09-01T14:41:23.191Z] [runtime-status] [14228] initializeApp(DEFAULT) {"storageBucket":"alex-lottery.appspot.com","databaseURL":"https://alex-lottery-default-rtdb.europe-west1.firebasedatabase.app","projectId":"alex-lottery"} {"metadata":{"emulator":{"name":"functions"},"function":{"name":"us-central1-updateXmasDrawData"},"extension":{},"message":"[runtime-status] [14228] initializeApp(DEFAULT) {\"storageBucket\":\"alex-lottery.appspot.com\",\"databaseURL\":\"https://alex-lottery-default-rtdb.europe-west1.firebasedatabase.app\",\"projectId\":\"alex-lottery\"}"}}
[debug] [2024-09-01T14:41:23.195Z] [runtime-status] [14228] Functions runtime initialized. {"cwd":"C:\\Users\\scott\\Documents\\Github\\Alex-Lottery\\functions","node_version":"20.10.0"} {"metadata":{"emulator":{"name":"functions"},"function":{"name":"us-central1-updateXmasDrawData"},"extension":{},"message":"[runtime-status] [14228] Functions runtime initialized. {\"cwd\":\"C:\\\\Users\\\\scott\\\\Documents\\\\Github\\\\Alex-Lottery\\\\functions\",\"node_version\":\"20.10.0\"}"}}
[debug] [2024-09-01T14:41:23.196Z] [runtime-status] [14228] Listening to port: \\?\pipe\fire_emu_23e9506e4b841702 {"metadata":{"emulator":{"name":"functions"},"function":{"name":"us-central1-updateXmasDrawData"},"extension":{},"message":"[runtime-status] [14228] Listening to port: \\\\?\\pipe\\fire_emu_23e9506e4b841702"}}
[debug] [2024-09-01T14:41:23.296Z] [worker-us-central1-updateXmasDrawData-309daacd-f062-4715-ab79-bb09a3f3eedf]: IDLE {"metadata":{"emulator":{"name":"functions"},"function":{"name":"us-central1-updateXmasDrawData"},"extension":{},"message":"[worker-us-central1-updateXmasDrawData-309daacd-f062-4715-ab79-bb09a3f3eedf]: IDLE"}}
[debug] [2024-09-01T14:41:23.296Z] [worker-pool] submitRequest(triggerId=us-central1-updateXmasDrawData) {"metadata":{"emulator":{"name":"functions"},"message":"[worker-pool] submitRequest(triggerId=us-central1-updateXmasDrawData)"}}
[info] i  functions: Beginning execution of "us-central1-updateXmasDrawData" {"metadata":{"emulator":{"name":"functions"},"function":{"name":"us-central1-updateXmasDrawData"},"extension":{},"message":"Beginning execution of \"us-central1-updateXmasDrawData\""}}
[debug] [2024-09-01T14:41:23.298Z] [worker-us-central1-updateXmasDrawData-309daacd-f062-4715-ab79-bb09a3f3eedf]: BUSY {"metadata":{"emulator":{"name":"functions"},"function":{"name":"us-central1-updateXmasDrawData"},"extension":{},"message":"[worker-us-central1-updateXmasDrawData-309daacd-f062-4715-ab79-bb09a3f3eedf]: BUSY"}}
[debug] [2024-09-01T14:41:23.303Z] Finishing up request with event=pause {"metadata":{"emulator":{"name":"functions"},"function":{"name":"us-central1-updateXmasDrawData"},"extension":{},"message":"Finishing up request with event=pause"}}
[info] i  functions: Finished "us-central1-updateXmasDrawData" in 5.7309ms {"metadata":{"emulator":{"name":"functions"},"function":{"name":"us-central1-updateXmasDrawData"},"extension":{},"message":"Finished \"us-central1-updateXmasDrawData\" in 5.7309ms"}}
[debug] [2024-09-01T14:41:23.304Z] [worker-us-central1-updateXmasDrawData-309daacd-f062-4715-ab79-bb09a3f3eedf]: IDLE {"metadata":{"emulator":{"name":"functions"},"function":{"name":"us-central1-updateXmasDrawData"},"extension":{},"message":"[worker-us-central1-updateXmasDrawData-309daacd-f062-4715-ab79-bb09a3f3eedf]: IDLE"}}
[debug] [2024-09-01T14:41:23.304Z] Finishing up request with event=finish {"metadata":{"emulator":{"name":"functions"},"function":{"name":"us-central1-updateXmasDrawData"},"extension":{},"message":"Finishing up request with event=finish"}}
[debug] [2024-09-01T14:41:23.305Z] Finishing up request with event=close {"metadata":{"emulator":{"name":"functions"},"function":{"name":"us-central1-updateXmasDrawData"},"extension":{},"message":"Finishing up request with event=close"}}
[debug] [2024-09-01T14:41:23.305Z] [work-queue] {"queuedWork":[],"queueLength":0,"runningWork":[],"workRunningCount":0}
[debug] [2024-09-01T14:41:23.306Z] [work-queue] {"queuedWork":["/alex-lottery/us-central1/updateXmasDrawData-2024-09-01T14:41:23.306Z"],"queueLength":1,"runningWork":[],"workRunningCount":0}
[debug] [2024-09-01T14:41:23.306Z] [work-queue] {"queuedWork":[],"queueLength":0,"runningWork":["/alex-lottery/us-central1/updateXmasDrawData-2024-09-01T14:41:23.306Z"],"workRunningCount":1}
[debug] [2024-09-01T14:41:23.306Z] Accepted request POST /alex-lottery/us-central1/updateXmasDrawData --> us-central1-updateXmasDrawData
[debug] [2024-09-01T14:41:23.307Z] [functions] Runtime ready! Sending request! {"metadata":{"emulator":{"name":"functions"},"message":"[functions] Runtime ready! Sending request!"}}
[debug] [2024-09-01T14:41:23.307Z] [functions] Got req.url=/alex-lottery/us-central1/updateXmasDrawData, mapping to path=/ {"metadata":{"emulator":{"name":"functions"},"message":"[functions] Got req.url=/alex-lottery/us-central1/updateXmasDrawData, mapping to path=/"}}
[debug] [2024-09-01T14:41:23.307Z] [worker-pool] submitRequest(triggerId=us-central1-updateXmasDrawData) {"metadata":{"emulator":{"name":"functions"},"message":"[worker-pool] submitRequest(triggerId=us-central1-updateXmasDrawData)"}}
[info] i  functions: Beginning execution of "us-central1-updateXmasDrawData" {"metadata":{"emulator":{"name":"functions"},"function":{"name":"us-central1-updateXmasDrawData"},"extension":{},"message":"Beginning execution of \"us-central1-updateXmasDrawData\""}}
[debug] [2024-09-01T14:41:23.308Z] [worker-us-central1-updateXmasDrawData-309daacd-f062-4715-ab79-bb09a3f3eedf]: BUSY {"metadata":{"emulator":{"name":"functions"},"function":{"name":"us-central1-updateXmasDrawData"},"extension":{},"message":"[worker-us-central1-updateXmasDrawData-309daacd-f062-4715-ab79-bb09a3f3eedf]: BUSY"}}
[info] >  ticketID: 8sg3K7nkfJ91X4swBwUK {"user":"ticketID: 8sg3K7nkfJ91X4swBwUK","metadata":{"emulator":{"name":"functions"},"function":{"name":"us-central1-updateXmasDrawData"},"extension":{},"message":"\u001b[90m> \u001b[39m ticketID: 8sg3K7nkfJ91X4swBwUK"}}
[warn] !  functions: The Cloud Firestore emulator is not running, so calls to Firestore will affect production. {"metadata":{"emulator":{"name":"functions"},"function":{"name":"us-central1-updateXmasDrawData"},"extension":{},"message":"The Cloud Firestore emulator is not running, so calls to Firestore will affect production."}}
[warn] !  Google API requested!
   - URL: "https://oauth2.googleapis.com/token"
   - Be careful, this may be a production service. {"metadata":{"emulator":{"name":"functions"},"function":{"name":"us-central1-updateXmasDrawData"},"extension":{},"message":"Google API requested!\n   - URL: \"https://oauth2.googleapis.com/token\"\n   - Be careful, this may be a production service."}}
[debug] [2024-09-01T14:41:25.622Z] Finishing up request with event=pause {"metadata":{"emulator":{"name":"functions"},"function":{"name":"us-central1-updateXmasDrawData"},"extension":{},"message":"Finishing up request with event=pause"}}
[info] i  functions: Finished "us-central1-updateXmasDrawData" in 2314.5184ms {"metadata":{"emulator":{"name":"functions"},"function":{"name":"us-central1-updateXmasDrawData"},"extension":{},"message":"Finished \"us-central1-updateXmasDrawData\" in 2314.5184ms"}}
[debug] [2024-09-01T14:41:25.623Z] [worker-us-central1-updateXmasDrawData-309daacd-f062-4715-ab79-bb09a3f3eedf]: IDLE {"metadata":{"emulator":{"name":"functions"},"function":{"name":"us-central1-updateXmasDrawData"},"extension":{},"message":"[worker-us-central1-updateXmasDrawData-309daacd-f062-4715-ab79-bb09a3f3eedf]: IDLE"}}
[debug] [2024-09-01T14:41:25.623Z] Finishing up request with event=finish {"metadata":{"emulator":{"name":"functions"},"function":{"name":"us-central1-updateXmasDrawData"},"extension":{},"message":"Finishing up request with event=finish"}}
[debug] [2024-09-01T14:41:25.623Z] Finishing up request with event=close {"metadata":{"emulator":{"name":"functions"},"function":{"name":"us-central1-updateXmasDrawData"},"extension":{},"message":"Finishing up request with event=close"}}
[debug] [2024-09-01T14:41:25.624Z] [work-queue] {"queuedWork":[],"queueLength":0,"runningWork":[],"workRunningCount":0}
[debug] [2024-09-01T14:42:18.869Z] [work-queue] {"queuedWork":["/alex-lottery/us-central1/updateXmasDrawData-2024-09-01T14:42:18.869Z"],"queueLength":1,"runningWork":[],"workRunningCount":0}
[debug] [2024-09-01T14:42:18.869Z] [work-queue] {"queuedWork":[],"queueLength":0,"runningWork":["/alex-lottery/us-central1/updateXmasDrawData-2024-09-01T14:42:18.869Z"],"workRunningCount":1}
[debug] [2024-09-01T14:42:18.869Z] Accepted request OPTIONS /alex-lottery/us-central1/updateXmasDrawData --> us-central1-updateXmasDrawData
[debug] [2024-09-01T14:42:18.871Z] [functions] Runtime ready! Sending request! {"metadata":{"emulator":{"name":"functions"},"message":"[functions] Runtime ready! Sending request!"}}
[debug] [2024-09-01T14:42:18.871Z] [functions] Got req.url=/alex-lottery/us-central1/updateXmasDrawData, mapping to path=/ {"metadata":{"emulator":{"name":"functions"},"message":"[functions] Got req.url=/alex-lottery/us-central1/updateXmasDrawData, mapping to path=/"}}
[debug] [2024-09-01T14:42:18.871Z] [worker-pool] submitRequest(triggerId=us-central1-updateXmasDrawData) {"metadata":{"emulator":{"name":"functions"},"message":"[worker-pool] submitRequest(triggerId=us-central1-updateXmasDrawData)"}}
[info] i  functions: Beginning execution of "us-central1-updateXmasDrawData" {"metadata":{"emulator":{"name":"functions"},"function":{"name":"us-central1-updateXmasDrawData"},"extension":{},"message":"Beginning execution of \"us-central1-updateXmasDrawData\""}}
[debug] [2024-09-01T14:42:18.872Z] [worker-us-central1-updateXmasDrawData-309daacd-f062-4715-ab79-bb09a3f3eedf]: BUSY {"metadata":{"emulator":{"name":"functions"},"function":{"name":"us-central1-updateXmasDrawData"},"extension":{},"message":"[worker-us-central1-updateXmasDrawData-309daacd-f062-4715-ab79-bb09a3f3eedf]: BUSY"}}
[debug] [2024-09-01T14:42:18.874Z] Finishing up request with event=pause {"metadata":{"emulator":{"name":"functions"},"function":{"name":"us-central1-updateXmasDrawData"},"extension":{},"message":"Finishing up request with event=pause"}}
[info] i  functions: Finished "us-central1-updateXmasDrawData" in 2.3086ms {"metadata":{"emulator":{"name":"functions"},"function":{"name":"us-central1-updateXmasDrawData"},"extension":{},"message":"Finished \"us-central1-updateXmasDrawData\" in 2.3086ms"}}
[debug] [2024-09-01T14:42:18.875Z] [worker-us-central1-updateXmasDrawData-309daacd-f062-4715-ab79-bb09a3f3eedf]: IDLE {"metadata":{"emulator":{"name":"functions"},"function":{"name":"us-central1-updateXmasDrawData"},"extension":{},"message":"[worker-us-central1-updateXmasDrawData-309daacd-f062-4715-ab79-bb09a3f3eedf]: IDLE"}}
[debug] [2024-09-01T14:42:18.875Z] Finishing up request with event=finish {"metadata":{"emulator":{"name":"functions"},"function":{"name":"us-central1-updateXmasDrawData"},"extension":{},"message":"Finishing up request with event=finish"}}
[debug] [2024-09-01T14:42:18.875Z] Finishing up request with event=close {"metadata":{"emulator":{"name":"functions"},"function":{"name":"us-central1-updateXmasDrawData"},"extension":{},"message":"Finishing up request with event=close"}}
[debug] [2024-09-01T14:42:18.875Z] [work-queue] {"queuedWork":[],"queueLength":0,"runningWork":[],"workRunningCount":0}
[debug] [2024-09-01T14:42:18.877Z] [work-queue] {"queuedWork":["/alex-lottery/us-central1/updateXmasDrawData-2024-09-01T14:42:18.877Z"],"queueLength":1,"runningWork":[],"workRunningCount":0}
[debug] [2024-09-01T14:42:18.877Z] [work-queue] {"queuedWork":[],"queueLength":0,"runningWork":["/alex-lottery/us-central1/updateXmasDrawData-2024-09-01T14:42:18.877Z"],"workRunningCount":1}
[debug] [2024-09-01T14:42:18.877Z] Accepted request POST /alex-lottery/us-central1/updateXmasDrawData --> us-central1-updateXmasDrawData
[debug] [2024-09-01T14:42:18.879Z] [functions] Runtime ready! Sending request! {"metadata":{"emulator":{"name":"functions"},"message":"[functions] Runtime ready! Sending request!"}}
[debug] [2024-09-01T14:42:18.879Z] [functions] Got req.url=/alex-lottery/us-central1/updateXmasDrawData, mapping to path=/ {"metadata":{"emulator":{"name":"functions"},"message":"[functions] Got req.url=/alex-lottery/us-central1/updateXmasDrawData, mapping to path=/"}}
[debug] [2024-09-01T14:42:18.879Z] [worker-pool] submitRequest(triggerId=us-central1-updateXmasDrawData) {"metadata":{"emulator":{"name":"functions"},"message":"[worker-pool] submitRequest(triggerId=us-central1-updateXmasDrawData)"}}
[info] i  functions: Beginning execution of "us-central1-updateXmasDrawData" {"metadata":{"emulator":{"name":"functions"},"function":{"name":"us-central1-updateXmasDrawData"},"extension":{},"message":"Beginning execution of \"us-central1-updateXmasDrawData\""}}
[debug] [2024-09-01T14:42:18.880Z] [worker-us-central1-updateXmasDrawData-309daacd-f062-4715-ab79-bb09a3f3eedf]: BUSY {"metadata":{"emulator":{"name":"functions"},"function":{"name":"us-central1-updateXmasDrawData"},"extension":{},"message":"[worker-us-central1-updateXmasDrawData-309daacd-f062-4715-ab79-bb09a3f3eedf]: BUSY"}}
[info] >  ticketID: XjPptfCUXvXsxA4cCxvn {"user":"ticketID: XjPptfCUXvXsxA4cCxvn","metadata":{"emulator":{"name":"functions"},"function":{"name":"us-central1-updateXmasDrawData"},"extension":{},"message":"\u001b[90m> \u001b[39m ticketID: XjPptfCUXvXsxA4cCxvn"}}
[debug] [2024-09-01T14:42:19.985Z] Finishing up request with event=pause {"metadata":{"emulator":{"name":"functions"},"function":{"name":"us-central1-updateXmasDrawData"},"extension":{},"message":"Finishing up request with event=pause"}}
[info] i  functions: Finished "us-central1-updateXmasDrawData" in 1105.7117ms {"metadata":{"emulator":{"name":"functions"},"function":{"name":"us-central1-updateXmasDrawData"},"extension":{},"message":"Finished \"us-central1-updateXmasDrawData\" in 1105.7117ms"}}
[debug] [2024-09-01T14:42:19.986Z] [worker-us-central1-updateXmasDrawData-309daacd-f062-4715-ab79-bb09a3f3eedf]: IDLE {"metadata":{"emulator":{"name":"functions"},"function":{"name":"us-central1-updateXmasDrawData"},"extension":{},"message":"[worker-us-central1-updateXmasDrawData-309daacd-f062-4715-ab79-bb09a3f3eedf]: IDLE"}}
[debug] [2024-09-01T14:42:19.987Z] Finishing up request with event=finish {"metadata":{"emulator":{"name":"functions"},"function":{"name":"us-central1-updateXmasDrawData"},"extension":{},"message":"Finishing up request with event=finish"}}
[debug] [2024-09-01T14:42:19.987Z] Finishing up request with event=close {"metadata":{"emulator":{"name":"functions"},"function":{"name":"us-central1-updateXmasDrawData"},"extension":{},"message":"Finishing up request with event=close"}}
[debug] [2024-09-01T14:42:19.987Z] [work-queue] {"queuedWork":[],"queueLength":0,"runningWork":[],"workRunningCount":0}
[debug] [2024-09-01T14:42:46.373Z] File C:\Users\scott\Documents\Github\Alex-Lottery\functions\index.js changed, reloading triggers {"metadata":{"emulator":{"name":"functions"},"message":"File C:\\Users\\scott\\Documents\\Github\\Alex-Lottery\\functions\\index.js changed, reloading triggers"}}
[debug] [2024-09-01T14:42:47.376Z] Validating nodejs source
[debug] [2024-09-01T14:42:48.458Z] > [functions] package.json contents: {
  "name": "functions",
  "description": "Cloud Functions for Firebase",
  "scripts": {
    "lint": "eslint .",
    "serve": "firebase emulators:start --only functions",
    "shell": "firebase functions:shell",
    "start": "npm run shell",
    "deploy": "firebase deploy --only functions",
    "logs": "firebase functions:log"
  },
  "engines": {
    "node": "18"
  },
  "main": "index.js",
  "dependencies": {
    "firebase-admin": "^12.4.0",
    "firebase-functions": "^5.0.0"
  },
  "devDependencies": {
    "eslint": "^8.15.0",
    "eslint-config-google": "^0.14.0",
    "firebase-functions-test": "^3.1.0"
  },
  "private": true
}
[debug] [2024-09-01T14:42:48.459Z] Building nodejs source
[debug] [2024-09-01T14:42:48.459Z] Failed to find version of module node: reached end of search path C:\Users\scott\Documents\Github\Alex-Lottery\functions\node_modules
[warn] !  functions: Your requested "node" version "18" doesn't match your global version "20". Using node@20 from host. 
[debug] [2024-09-01T14:42:48.460Z] Could not find functions.yaml. Must use http discovery
[debug] [2024-09-01T14:42:48.464Z] Found firebase-functions binary at 'C:\Users\scott\Documents\Github\Alex-Lottery\functions\node_modules\.bin\firebase-functions'
[debug] [2024-09-01T14:42:48.470Z] File C:\Users\scott\Documents\Github\Alex-Lottery\functions\index.js changed, reloading triggers {"metadata":{"emulator":{"name":"functions"},"message":"File C:\\Users\\scott\\Documents\\Github\\Alex-Lottery\\functions\\index.js changed, reloading triggers"}}
[info] Serving at port 8232

[debug] [2024-09-01T14:42:48.907Z] Got response from /__/functions.yaml {"endpoints":{"updateXmasDrawData":{"platform":"gcfv1","availableMemoryMb":null,"timeoutSeconds":null,"minInstances":null,"maxInstances":null,"ingressSettings":null,"serviceAccountEmail":null,"vpc":null,"httpsTrigger":{},"entryPoint":"updateXmasDrawData"}},"specVersion":"v1alpha1","requiredAPIs":[],"extensions":{}}
[debug] [2024-09-01T14:42:49.472Z] Validating nodejs source
[debug] [2024-09-01T14:42:50.658Z] > [functions] package.json contents: {
  "name": "functions",
  "description": "Cloud Functions for Firebase",
  "scripts": {
    "lint": "eslint .",
    "serve": "firebase emulators:start --only functions",
    "shell": "firebase functions:shell",
    "start": "npm run shell",
    "deploy": "firebase deploy --only functions",
    "logs": "firebase functions:log"
  },
  "engines": {
    "node": "18"
  },
  "main": "index.js",
  "dependencies": {
    "firebase-admin": "^12.4.0",
    "firebase-functions": "^5.0.0"
  },
  "devDependencies": {
    "eslint": "^8.15.0",
    "eslint-config-google": "^0.14.0",
    "firebase-functions-test": "^3.1.0"
  },
  "private": true
}
[debug] [2024-09-01T14:42:50.658Z] Building nodejs source
[debug] [2024-09-01T14:42:50.658Z] Failed to find version of module node: reached end of search path C:\Users\scott\Documents\Github\Alex-Lottery\functions\node_modules
[warn] !  functions: Your requested "node" version "18" doesn't match your global version "20". Using node@20 from host. 
[debug] [2024-09-01T14:42:50.659Z] Could not find functions.yaml. Must use http discovery
[debug] [2024-09-01T14:42:50.663Z] Found firebase-functions binary at 'C:\Users\scott\Documents\Github\Alex-Lottery\functions\node_modules\.bin\firebase-functions'
[info] Serving at port 8998

[debug] [2024-09-01T14:42:51.179Z] Got response from /__/functions.yaml {"endpoints":{"updateXmasDrawData":{"platform":"gcfv1","availableMemoryMb":null,"timeoutSeconds":null,"minInstances":null,"maxInstances":null,"ingressSettings":null,"serviceAccountEmail":null,"vpc":null,"httpsTrigger":{},"entryPoint":"updateXmasDrawData"}},"specVersion":"v1alpha1","requiredAPIs":[],"extensions":{}}
[info] +  functions: Loaded functions definitions from source: updateXmasDrawData. {"metadata":{"emulator":{"name":"functions"},"message":"Loaded functions definitions from source: updateXmasDrawData."}}
[debug] [2024-09-01T14:42:53.924Z] [worker-pool] Shutting down IDLE worker (us-central1-updateXmasDrawData) {"metadata":{"emulator":{"name":"functions"},"message":"[worker-pool] Shutting down IDLE worker (us-central1-updateXmasDrawData)"}}
[debug] [2024-09-01T14:42:53.924Z] [worker-us-central1-updateXmasDrawData-309daacd-f062-4715-ab79-bb09a3f3eedf]: FINISHING {"metadata":{"emulator":{"name":"functions"},"function":{"name":"us-central1-updateXmasDrawData"},"extension":{},"message":"[worker-us-central1-updateXmasDrawData-309daacd-f062-4715-ab79-bb09a3f3eedf]: FINISHING"}}
[debug] [2024-09-01T14:42:53.933Z] [worker-us-central1-updateXmasDrawData-309daacd-f062-4715-ab79-bb09a3f3eedf]: exited {"metadata":{"emulator":{"name":"functions"},"function":{"name":"us-central1-updateXmasDrawData"},"extension":{},"message":"[worker-us-central1-updateXmasDrawData-309daacd-f062-4715-ab79-bb09a3f3eedf]: exited"}}
[debug] [2024-09-01T14:42:53.933Z] [worker-us-central1-updateXmasDrawData-309daacd-f062-4715-ab79-bb09a3f3eedf]: FINISHED {"metadata":{"emulator":{"name":"functions"},"function":{"name":"us-central1-updateXmasDrawData"},"extension":{},"message":"[worker-us-central1-updateXmasDrawData-309daacd-f062-4715-ab79-bb09a3f3eedf]: FINISHED"}}
[info] +  functions: Loaded functions definitions from source: updateXmasDrawData. {"metadata":{"emulator":{"name":"functions"},"message":"Loaded functions definitions from source: updateXmasDrawData."}}
[debug] [2024-09-01T14:44:33.035Z] [work-queue] {"queuedWork":["/alex-lottery/us-central1/updateXmasDrawData-2024-09-01T14:44:33.035Z"],"queueLength":1,"runningWork":[],"workRunningCount":0}
[debug] [2024-09-01T14:44:33.035Z] [work-queue] {"queuedWork":[],"queueLength":0,"runningWork":["/alex-lottery/us-central1/updateXmasDrawData-2024-09-01T14:44:33.035Z"],"workRunningCount":1}
[debug] [2024-09-01T14:44:33.035Z] Accepted request OPTIONS /alex-lottery/us-central1/updateXmasDrawData --> us-central1-updateXmasDrawData
[debug] [2024-09-01T14:44:33.039Z] [functions] Runtime ready! Sending request! {"metadata":{"emulator":{"name":"functions"},"message":"[functions] Runtime ready! Sending request!"}}
[debug] [2024-09-01T14:44:33.039Z] [functions] Got req.url=/alex-lottery/us-central1/updateXmasDrawData, mapping to path=/ {"metadata":{"emulator":{"name":"functions"},"message":"[functions] Got req.url=/alex-lottery/us-central1/updateXmasDrawData, mapping to path=/"}}
[debug] [2024-09-01T14:44:33.040Z] [worker-pool] Cleaned up workers for us-central1-updateXmasDrawData: 1 --> 0 {"metadata":{"emulator":{"name":"functions"},"message":"[worker-pool] Cleaned up workers for us-central1-updateXmasDrawData: 1 --> 0"}}
[debug] [2024-09-01T14:44:33.046Z] [worker-pool] addWorker(us-central1-updateXmasDrawData) {"metadata":{"emulator":{"name":"functions"},"message":"[worker-pool] addWorker(us-central1-updateXmasDrawData)"}}
[debug] [2024-09-01T14:44:33.046Z] [worker-pool] Adding worker with key us-central1-updateXmasDrawData, total=1 {"metadata":{"emulator":{"name":"functions"},"message":"[worker-pool] Adding worker with key us-central1-updateXmasDrawData, total=1"}}
[debug] [2024-09-01T14:44:34.220Z] [runtime-status] [23968] Resolved module firebase-admin {"declared":true,"installed":true,"version":"12.4.0","resolution":"C:\\Users\\scott\\Documents\\Github\\Alex-Lottery\\functions\\node_modules\\firebase-admin\\lib\\index.js"} {"metadata":{"emulator":{"name":"functions"},"function":{"name":"us-central1-updateXmasDrawData"},"extension":{},"message":"[runtime-status] [23968] Resolved module firebase-admin {\"declared\":true,\"installed\":true,\"version\":\"12.4.0\",\"resolution\":\"C:\\\\Users\\\\scott\\\\Documents\\\\Github\\\\Alex-Lottery\\\\functions\\\\node_modules\\\\firebase-admin\\\\lib\\\\index.js\"}"}}
[debug] [2024-09-01T14:44:34.222Z] [runtime-status] [23968] Resolved module firebase-functions {"declared":true,"installed":true,"version":"5.1.1","resolution":"C:\\Users\\scott\\Documents\\Github\\Alex-Lottery\\functions\\node_modules\\firebase-functions\\lib\\v1\\index.js"} {"metadata":{"emulator":{"name":"functions"},"function":{"name":"us-central1-updateXmasDrawData"},"extension":{},"message":"[runtime-status] [23968] Resolved module firebase-functions {\"declared\":true,\"installed\":true,\"version\":\"5.1.1\",\"resolution\":\"C:\\\\Users\\\\scott\\\\Documents\\\\Github\\\\Alex-Lottery\\\\functions\\\\node_modules\\\\firebase-functions\\\\lib\\\\v1\\\\index.js\"}"}}
[debug] [2024-09-01T14:44:34.222Z] [runtime-status] [23968] Outgoing network have been stubbed. [{"name":"http","status":"mocked"},{"name":"http","status":"mocked"},{"name":"https","status":"mocked"},{"name":"https","status":"mocked"},{"name":"net","status":"mocked"}] {"metadata":{"emulator":{"name":"functions"},"function":{"name":"us-central1-updateXmasDrawData"},"extension":{},"message":"[runtime-status] [23968] Outgoing network have been stubbed. [{\"name\":\"http\",\"status\":\"mocked\"},{\"name\":\"http\",\"status\":\"mocked\"},{\"name\":\"https\",\"status\":\"mocked\"},{\"name\":\"https\",\"status\":\"mocked\"},{\"name\":\"net\",\"status\":\"mocked\"}]"}}
[debug] [2024-09-01T14:44:34.223Z] [runtime-status] [23968] Resolved module firebase-functions {"declared":true,"installed":true,"version":"5.1.1","resolution":"C:\\Users\\scott\\Documents\\Github\\Alex-Lottery\\functions\\node_modules\\firebase-functions\\lib\\v1\\index.js"} {"metadata":{"emulator":{"name":"functions"},"function":{"name":"us-central1-updateXmasDrawData"},"extension":{},"message":"[runtime-status] [23968] Resolved module firebase-functions {\"declared\":true,\"installed\":true,\"version\":\"5.1.1\",\"resolution\":\"C:\\\\Users\\\\scott\\\\Documents\\\\Github\\\\Alex-Lottery\\\\functions\\\\node_modules\\\\firebase-functions\\\\lib\\\\v1\\\\index.js\"}"}}
[debug] [2024-09-01T14:44:34.453Z] [runtime-status] [23968] Checked functions.config() {"config":{}} {"metadata":{"emulator":{"name":"functions"},"function":{"name":"us-central1-updateXmasDrawData"},"extension":{},"message":"[runtime-status] [23968] Checked functions.config() {\"config\":{}}"}}
[debug] [2024-09-01T14:44:34.454Z] [runtime-status] [23968] firebase-functions has been stubbed. {"functionsResolution":{"declared":true,"installed":true,"version":"5.1.1","resolution":"C:\\Users\\scott\\Documents\\Github\\Alex-Lottery\\functions\\node_modules\\firebase-functions\\lib\\v1\\index.js"}} {"metadata":{"emulator":{"name":"functions"},"function":{"name":"us-central1-updateXmasDrawData"},"extension":{},"message":"[runtime-status] [23968] firebase-functions has been stubbed. {\"functionsResolution\":{\"declared\":true,\"installed\":true,\"version\":\"5.1.1\",\"resolution\":\"C:\\\\Users\\\\scott\\\\Documents\\\\Github\\\\Alex-Lottery\\\\functions\\\\node_modules\\\\firebase-functions\\\\lib\\\\v1\\\\index.js\"}}"}}
[debug] [2024-09-01T14:44:34.454Z] [runtime-status] [23968] Resolved module firebase-functions {"declared":true,"installed":true,"version":"5.1.1","resolution":"C:\\Users\\scott\\Documents\\Github\\Alex-Lottery\\functions\\node_modules\\firebase-functions\\lib\\v1\\index.js"} {"metadata":{"emulator":{"name":"functions"},"function":{"name":"us-central1-updateXmasDrawData"},"extension":{},"message":"[runtime-status] [23968] Resolved module firebase-functions {\"declared\":true,\"installed\":true,\"version\":\"5.1.1\",\"resolution\":\"C:\\\\Users\\\\scott\\\\Documents\\\\Github\\\\Alex-Lottery\\\\functions\\\\node_modules\\\\firebase-functions\\\\lib\\\\v1\\\\index.js\"}"}}
[debug] [2024-09-01T14:44:34.455Z] [runtime-status] [23968] Resolved module firebase-admin {"declared":true,"installed":true,"version":"12.4.0","resolution":"C:\\Users\\scott\\Documents\\Github\\Alex-Lottery\\functions\\node_modules\\firebase-admin\\lib\\index.js"} {"metadata":{"emulator":{"name":"functions"},"function":{"name":"us-central1-updateXmasDrawData"},"extension":{},"message":"[runtime-status] [23968] Resolved module firebase-admin {\"declared\":true,\"installed\":true,\"version\":\"12.4.0\",\"resolution\":\"C:\\\\Users\\\\scott\\\\Documents\\\\Github\\\\Alex-Lottery\\\\functions\\\\node_modules\\\\firebase-admin\\\\lib\\\\index.js\"}"}}
[debug] [2024-09-01T14:44:34.457Z] [runtime-status] [23968] Resolved module firebase-functions {"declared":true,"installed":true,"version":"5.1.1","resolution":"C:\\Users\\scott\\Documents\\Github\\Alex-Lottery\\functions\\node_modules\\firebase-functions\\lib\\v1\\index.js"} {"metadata":{"emulator":{"name":"functions"},"function":{"name":"us-central1-updateXmasDrawData"},"extension":{},"message":"[runtime-status] [23968] Resolved module firebase-functions {\"declared\":true,\"installed\":true,\"version\":\"5.1.1\",\"resolution\":\"C:\\\\Users\\\\scott\\\\Documents\\\\Github\\\\Alex-Lottery\\\\functions\\\\node_modules\\\\firebase-functions\\\\lib\\\\v1\\\\index.js\"}"}}
[debug] [2024-09-01T14:44:34.457Z] [runtime-status] [23968] firebase-admin has been stubbed. {"adminResolution":{"declared":true,"installed":true,"version":"12.4.0","resolution":"C:\\Users\\scott\\Documents\\Github\\Alex-Lottery\\functions\\node_modules\\firebase-admin\\lib\\index.js"}} {"metadata":{"emulator":{"name":"functions"},"function":{"name":"us-central1-updateXmasDrawData"},"extension":{},"message":"[runtime-status] [23968] firebase-admin has been stubbed. {\"adminResolution\":{\"declared\":true,\"installed\":true,\"version\":\"12.4.0\",\"resolution\":\"C:\\\\Users\\\\scott\\\\Documents\\\\Github\\\\Alex-Lottery\\\\functions\\\\node_modules\\\\firebase-admin\\\\lib\\\\index.js\"}}"}}
[debug] [2024-09-01T14:44:34.459Z] [runtime-status] [23968] initializeApp(DEFAULT) {"storageBucket":"alex-lottery.appspot.com","databaseURL":"https://alex-lottery-default-rtdb.europe-west1.firebasedatabase.app","projectId":"alex-lottery"} {"metadata":{"emulator":{"name":"functions"},"function":{"name":"us-central1-updateXmasDrawData"},"extension":{},"message":"[runtime-status] [23968] initializeApp(DEFAULT) {\"storageBucket\":\"alex-lottery.appspot.com\",\"databaseURL\":\"https://alex-lottery-default-rtdb.europe-west1.firebasedatabase.app\",\"projectId\":\"alex-lottery\"}"}}
[debug] [2024-09-01T14:44:34.464Z] [runtime-status] [23968] Functions runtime initialized. {"cwd":"C:\\Users\\scott\\Documents\\Github\\Alex-Lottery\\functions","node_version":"20.10.0"} {"metadata":{"emulator":{"name":"functions"},"function":{"name":"us-central1-updateXmasDrawData"},"extension":{},"message":"[runtime-status] [23968] Functions runtime initialized. {\"cwd\":\"C:\\\\Users\\\\scott\\\\Documents\\\\Github\\\\Alex-Lottery\\\\functions\",\"node_version\":\"20.10.0\"}"}}
[debug] [2024-09-01T14:44:34.464Z] [runtime-status] [23968] Listening to port: \\?\pipe\fire_emu_cb66003a8eacc1ac {"metadata":{"emulator":{"name":"functions"},"function":{"name":"us-central1-updateXmasDrawData"},"extension":{},"message":"[runtime-status] [23968] Listening to port: \\\\?\\pipe\\fire_emu_cb66003a8eacc1ac"}}
[debug] [2024-09-01T14:44:34.575Z] [worker-us-central1-updateXmasDrawData-18a09089-77ae-483f-9faf-8c39d55bea2d]: IDLE {"metadata":{"emulator":{"name":"functions"},"function":{"name":"us-central1-updateXmasDrawData"},"extension":{},"message":"[worker-us-central1-updateXmasDrawData-18a09089-77ae-483f-9faf-8c39d55bea2d]: IDLE"}}
[debug] [2024-09-01T14:44:34.576Z] [worker-pool] submitRequest(triggerId=us-central1-updateXmasDrawData) {"metadata":{"emulator":{"name":"functions"},"message":"[worker-pool] submitRequest(triggerId=us-central1-updateXmasDrawData)"}}
[info] i  functions: Beginning execution of "us-central1-updateXmasDrawData" {"metadata":{"emulator":{"name":"functions"},"function":{"name":"us-central1-updateXmasDrawData"},"extension":{},"message":"Beginning execution of \"us-central1-updateXmasDrawData\""}}
[debug] [2024-09-01T14:44:34.577Z] [worker-us-central1-updateXmasDrawData-18a09089-77ae-483f-9faf-8c39d55bea2d]: BUSY {"metadata":{"emulator":{"name":"functions"},"function":{"name":"us-central1-updateXmasDrawData"},"extension":{},"message":"[worker-us-central1-updateXmasDrawData-18a09089-77ae-483f-9faf-8c39d55bea2d]: BUSY"}}
[debug] [2024-09-01T14:44:34.581Z] Finishing up request with event=pause {"metadata":{"emulator":{"name":"functions"},"function":{"name":"us-central1-updateXmasDrawData"},"extension":{},"message":"Finishing up request with event=pause"}}
[info] i  functions: Finished "us-central1-updateXmasDrawData" in 4.0138ms {"metadata":{"emulator":{"name":"functions"},"function":{"name":"us-central1-updateXmasDrawData"},"extension":{},"message":"Finished \"us-central1-updateXmasDrawData\" in 4.0138ms"}}
[debug] [2024-09-01T14:44:34.582Z] [worker-us-central1-updateXmasDrawData-18a09089-77ae-483f-9faf-8c39d55bea2d]: IDLE {"metadata":{"emulator":{"name":"functions"},"function":{"name":"us-central1-updateXmasDrawData"},"extension":{},"message":"[worker-us-central1-updateXmasDrawData-18a09089-77ae-483f-9faf-8c39d55bea2d]: IDLE"}}
[debug] [2024-09-01T14:44:34.582Z] Finishing up request with event=finish {"metadata":{"emulator":{"name":"functions"},"function":{"name":"us-central1-updateXmasDrawData"},"extension":{},"message":"Finishing up request with event=finish"}}
[debug] [2024-09-01T14:44:34.582Z] Finishing up request with event=close {"metadata":{"emulator":{"name":"functions"},"function":{"name":"us-central1-updateXmasDrawData"},"extension":{},"message":"Finishing up request with event=close"}}
[debug] [2024-09-01T14:44:34.582Z] [work-queue] {"queuedWork":[],"queueLength":0,"runningWork":[],"workRunningCount":0}
[debug] [2024-09-01T14:44:34.583Z] [work-queue] {"queuedWork":["/alex-lottery/us-central1/updateXmasDrawData-2024-09-01T14:44:34.583Z"],"queueLength":1,"runningWork":[],"workRunningCount":0}
[debug] [2024-09-01T14:44:34.583Z] [work-queue] {"queuedWork":[],"queueLength":0,"runningWork":["/alex-lottery/us-central1/updateXmasDrawData-2024-09-01T14:44:34.583Z"],"workRunningCount":1}
[debug] [2024-09-01T14:44:34.583Z] Accepted request POST /alex-lottery/us-central1/updateXmasDrawData --> us-central1-updateXmasDrawData
[debug] [2024-09-01T14:44:34.584Z] [functions] Runtime ready! Sending request! {"metadata":{"emulator":{"name":"functions"},"message":"[functions] Runtime ready! Sending request!"}}
[debug] [2024-09-01T14:44:34.585Z] [functions] Got req.url=/alex-lottery/us-central1/updateXmasDrawData, mapping to path=/ {"metadata":{"emulator":{"name":"functions"},"message":"[functions] Got req.url=/alex-lottery/us-central1/updateXmasDrawData, mapping to path=/"}}
[debug] [2024-09-01T14:44:34.585Z] [worker-pool] submitRequest(triggerId=us-central1-updateXmasDrawData) {"metadata":{"emulator":{"name":"functions"},"message":"[worker-pool] submitRequest(triggerId=us-central1-updateXmasDrawData)"}}
[info] i  functions: Beginning execution of "us-central1-updateXmasDrawData" {"metadata":{"emulator":{"name":"functions"},"function":{"name":"us-central1-updateXmasDrawData"},"extension":{},"message":"Beginning execution of \"us-central1-updateXmasDrawData\""}}
[debug] [2024-09-01T14:44:34.585Z] [worker-us-central1-updateXmasDrawData-18a09089-77ae-483f-9faf-8c39d55bea2d]: BUSY {"metadata":{"emulator":{"name":"functions"},"function":{"name":"us-central1-updateXmasDrawData"},"extension":{},"message":"[worker-us-central1-updateXmasDrawData-18a09089-77ae-483f-9faf-8c39d55bea2d]: BUSY"}}
[info] >  ticketID: 8sg3K7nkfJ91X4swBwUK {"user":"ticketID: 8sg3K7nkfJ91X4swBwUK","metadata":{"emulator":{"name":"functions"},"function":{"name":"us-central1-updateXmasDrawData"},"extension":{},"message":"\u001b[90m> \u001b[39m ticketID: 8sg3K7nkfJ91X4swBwUK"}}
[warn] !  Google API requested!
   - URL: "https://oauth2.googleapis.com/token"
   - Be careful, this may be a production service. {"metadata":{"emulator":{"name":"functions"},"function":{"name":"us-central1-updateXmasDrawData"},"extension":{},"message":"Google API requested!\n   - URL: \"https://oauth2.googleapis.com/token\"\n   - Be careful, this may be a production service."}}
[debug] [2024-09-01T14:44:36.664Z] Finishing up request with event=pause {"metadata":{"emulator":{"name":"functions"},"function":{"name":"us-central1-updateXmasDrawData"},"extension":{},"message":"Finishing up request with event=pause"}}
[info] i  functions: Finished "us-central1-updateXmasDrawData" in 2078.7389ms {"metadata":{"emulator":{"name":"functions"},"function":{"name":"us-central1-updateXmasDrawData"},"extension":{},"message":"Finished \"us-central1-updateXmasDrawData\" in 2078.7389ms"}}
[debug] [2024-09-01T14:44:36.665Z] [worker-us-central1-updateXmasDrawData-18a09089-77ae-483f-9faf-8c39d55bea2d]: IDLE {"metadata":{"emulator":{"name":"functions"},"function":{"name":"us-central1-updateXmasDrawData"},"extension":{},"message":"[worker-us-central1-updateXmasDrawData-18a09089-77ae-483f-9faf-8c39d55bea2d]: IDLE"}}
[debug] [2024-09-01T14:44:36.665Z] Finishing up request with event=finish {"metadata":{"emulator":{"name":"functions"},"function":{"name":"us-central1-updateXmasDrawData"},"extension":{},"message":"Finishing up request with event=finish"}}
[debug] [2024-09-01T14:44:36.665Z] Finishing up request with event=close {"metadata":{"emulator":{"name":"functions"},"function":{"name":"us-central1-updateXmasDrawData"},"extension":{},"message":"Finishing up request with event=close"}}
[debug] [2024-09-01T14:44:36.665Z] [work-queue] {"queuedWork":[],"queueLength":0,"runningWork":[],"workRunningCount":0}
[debug] [2024-09-01T15:54:45.780Z] ----------------------------------------------------------------------
[debug] [2024-09-01T15:54:45.782Z] Command:       C:\Program Files\nodejs\node.exe C:\Users\scott\AppData\Roaming\npm\node_modules\firebase-tools\lib\bin\firebase.js emulators:start --only functions
[debug] [2024-09-01T15:54:45.783Z] CLI Version:   13.16.0
[debug] [2024-09-01T15:54:45.783Z] Platform:      win32
[debug] [2024-09-01T15:54:45.783Z] Node Version:  v20.10.0
[debug] [2024-09-01T15:54:45.783Z] Time:          Sun Sep 01 2024 17:54:45 GMT+0200 (South Africa Standard Time)
[debug] [2024-09-01T15:54:45.783Z] ----------------------------------------------------------------------
[debug] 
[debug] [2024-09-01T15:54:45.880Z] > command requires scopes: ["email","openid","https://www.googleapis.com/auth/cloudplatformprojects.readonly","https://www.googleapis.com/auth/firebase","https://www.googleapis.com/auth/cloud-platform"]
[debug] [2024-09-01T15:54:45.880Z] > authorizing via signed-in user (scottbebington@gmail.com)
[info] i  emulators: Starting emulators: functions {"metadata":{"emulator":{"name":"hub"},"message":"Starting emulators: functions"}}
[debug] [2024-09-01T15:54:45.889Z] [logging] Logging Emulator only supports listening on one address (127.0.0.1). Not listening on ::1
[debug] [2024-09-01T15:54:45.889Z] assigned listening specs for emulators {"user":{"hub":[{"address":"127.0.0.1","family":"IPv4","port":4400},{"address":"::1","family":"IPv6","port":4400}],"ui":[{"address":"127.0.0.1","family":"IPv4","port":4000},{"address":"::1","family":"IPv6","port":4000}],"logging":[{"address":"127.0.0.1","family":"IPv4","port":4500}]},"metadata":{"message":"assigned listening specs for emulators"}}
[warn] !  emulators: It seems that you are running multiple instances of the emulator suite for project alex-lottery. This may result in unexpected behavior. 
[debug] [2024-09-01T15:54:45.894Z] [hub] writing locator at C:\Users\scott\AppData\Local\Temp\hub-alex-lottery.json
[debug] [2024-09-01T15:54:45.914Z] [functions] Functions Emulator only supports listening on one address (127.0.0.1). Not listening on ::1
[debug] [2024-09-01T15:54:45.914Z] [eventarc] Eventarc Emulator only supports listening on one address (127.0.0.1). Not listening on ::1
[debug] [2024-09-01T15:54:45.914Z] [tasks] Cloud Tasks Emulator only supports listening on one address (127.0.0.1). Not listening on ::1
[debug] [2024-09-01T15:54:45.914Z] late-assigned ports for functions and eventarc emulators {"user":{"hub":[{"address":"127.0.0.1","family":"IPv4","port":4400},{"address":"::1","family":"IPv6","port":4400}],"ui":[{"address":"127.0.0.1","family":"IPv4","port":4000},{"address":"::1","family":"IPv6","port":4000}],"logging":[{"address":"127.0.0.1","family":"IPv4","port":4500}],"functions":[{"address":"127.0.0.1","family":"IPv4","port":5001}],"eventarc":[{"address":"127.0.0.1","family":"IPv4","port":9299}],"tasks":[{"address":"127.0.0.1","family":"IPv4","port":9499}]},"metadata":{"message":"late-assigned ports for functions and eventarc emulators"}}
[warn] !  functions: The following emulators are not running, calls to these services from the Functions emulator will affect production: auth, firestore, database, hosting, pubsub, storage, dataconnect {"metadata":{"emulator":{"name":"functions"},"message":"The following emulators are not running, calls to these services from the Functions emulator will affect production: \u001b[1mauth, firestore, database, hosting, pubsub, storage, dataconnect\u001b[22m"}}
[debug] [2024-09-01T15:54:45.918Z] defaultcredentials: writing to file C:\Users\scott\AppData\Roaming\firebase\scottbebington_gmail_com_application_default_credentials.json
[debug] [2024-09-01T15:54:45.920Z] Setting GAC to C:\Users\scott\AppData\Roaming\firebase\scottbebington_gmail_com_application_default_credentials.json {"metadata":{"emulator":{"name":"functions"},"message":"Setting GAC to C:\\Users\\scott\\AppData\\Roaming\\firebase\\scottbebington_gmail_com_application_default_credentials.json"}}
[debug] [2024-09-01T15:54:45.921Z] > refreshing access token with scopes: []
[debug] [2024-09-01T15:54:45.922Z] >>> [apiv2][query] POST https://www.googleapis.com/oauth2/v3/token [none]
[debug] [2024-09-01T15:54:45.922Z] >>> [apiv2][body] POST https://www.googleapis.com/oauth2/v3/token [omitted]
[debug] [2024-09-01T15:54:46.311Z] <<< [apiv2][status] POST https://www.googleapis.com/oauth2/v3/token 200
[debug] [2024-09-01T15:54:46.311Z] <<< [apiv2][body] POST https://www.googleapis.com/oauth2/v3/token [omitted]
[debug] [2024-09-01T15:54:46.316Z] >>> [apiv2][query] GET https://firebase.googleapis.com/v1beta1/projects/alex-lottery/adminSdkConfig [none]
[debug] [2024-09-01T15:54:46.900Z] <<< [apiv2][status] GET https://firebase.googleapis.com/v1beta1/projects/alex-lottery/adminSdkConfig 200
[debug] [2024-09-01T15:54:46.901Z] <<< [apiv2][body] GET https://firebase.googleapis.com/v1beta1/projects/alex-lottery/adminSdkConfig {"projectId":"alex-lottery","databaseURL":"https://alex-lottery-default-rtdb.europe-west1.firebasedatabase.app","storageBucket":"alex-lottery.appspot.com"}
[debug] [2024-09-01T15:54:46.916Z] Ignoring unsupported arg: auto_download {"metadata":{"emulator":{"name":"ui"},"message":"Ignoring unsupported arg: auto_download"}}
[debug] [2024-09-01T15:54:46.916Z] Ignoring unsupported arg: port {"metadata":{"emulator":{"name":"ui"},"message":"Ignoring unsupported arg: port"}}
[debug] [2024-09-01T15:54:46.916Z] Starting Emulator UI with command {"binary":"node","args":["C:\\Users\\scott\\.cache\\firebase\\emulators\\ui-v1.13.0\\server\\server.mjs"],"optionalArgs":[],"joinArgs":false,"shell":false} {"metadata":{"emulator":{"name":"ui"},"message":"Starting Emulator UI with command {\"binary\":\"node\",\"args\":[\"C:\\\\Users\\\\scott\\\\.cache\\\\firebase\\\\emulators\\\\ui-v1.13.0\\\\server\\\\server.mjs\"],\"optionalArgs\":[],\"joinArgs\":false,\"shell\":false}"}}
[info] i  ui: Emulator UI logging to ui-debug.log {"metadata":{"emulator":{"name":"ui"},"message":"Emulator UI logging to \u001b[1mui-debug.log\u001b[22m"}}
[debug] [2024-09-01T15:54:47.050Z] Web / API server started at 127.0.0.1:4000
 {"metadata":{"emulator":{"name":"ui"},"message":"Web / API server started at 127.0.0.1:4000\n"}}
[debug] [2024-09-01T15:54:47.050Z] Web / API server started at ::1:4000
 {"metadata":{"emulator":{"name":"ui"},"message":"Web / API server started at ::1:4000\n"}}
[info] i  functions: Watching "C:\Users\scott\Documents\Github\Alex-Lottery\functions" for Cloud Functions... {"metadata":{"emulator":{"name":"functions"},"message":"Watching \"C:\\Users\\scott\\Documents\\Github\\Alex-Lottery\\functions\" for Cloud Functions..."}}
[debug] [2024-09-01T15:54:47.150Z] Validating nodejs source
[debug] [2024-09-01T15:54:48.360Z] > [functions] package.json contents: {
  "name": "functions",
  "description": "Cloud Functions for Firebase",
  "scripts": {
    "lint": "eslint .",
    "serve": "firebase emulators:start --only functions",
    "shell": "firebase functions:shell",
    "start": "npm run shell",
    "deploy": "firebase deploy --only functions",
    "logs": "firebase functions:log"
  },
  "engines": {
    "node": "18"
  },
  "main": "index.js",
  "dependencies": {
    "firebase-admin": "^12.4.0",
    "firebase-functions": "^5.0.0"
  },
  "devDependencies": {
    "eslint": "^8.15.0",
    "eslint-config-google": "^0.14.0",
    "firebase-functions-test": "^3.1.0"
  },
  "private": true
}
[debug] [2024-09-01T15:54:48.360Z] Building nodejs source
[debug] [2024-09-01T15:54:48.360Z] Failed to find version of module node: reached end of search path C:\Users\scott\Documents\Github\Alex-Lottery\functions\node_modules
[warn] !  functions: Your requested "node" version "18" doesn't match your global version "20". Using node@20 from host. 
[debug] [2024-09-01T15:54:48.362Z] Could not find functions.yaml. Must use http discovery
[debug] [2024-09-01T15:54:48.367Z] Found firebase-functions binary at 'C:\Users\scott\Documents\Github\Alex-Lottery\functions\node_modules\.bin\firebase-functions'
[info] Serving at port 8216

[debug] [2024-09-01T15:54:48.950Z] Got response from /__/functions.yaml {"endpoints":{"updateXmasDrawData":{"platform":"gcfv1","availableMemoryMb":null,"timeoutSeconds":null,"minInstances":null,"maxInstances":null,"ingressSettings":null,"serviceAccountEmail":null,"vpc":null,"httpsTrigger":{},"entryPoint":"updateXmasDrawData"}},"specVersion":"v1alpha1","requiredAPIs":[],"extensions":{}}
[info] +  functions: Loaded functions definitions from source: updateXmasDrawData. {"metadata":{"emulator":{"name":"functions"},"message":"Loaded functions definitions from source: updateXmasDrawData."}}
[info] +  functions[us-central1-updateXmasDrawData]: http function initialized (http://127.0.0.1:5001/alex-lottery/us-central1/updateXmasDrawData). {"metadata":{"emulator":{"name":"functions"},"message":"\u001b[1mhttp\u001b[22m function initialized (http://127.0.0.1:5001/alex-lottery/us-central1/updateXmasDrawData)."}}
[info] 
┌─────────────────────────────────────────────────────────────┐
│ ✔  All emulators ready! It is now safe to connect your app. │
│ i  View Emulator UI at http://127.0.0.1:4000/               │
└─────────────────────────────────────────────────────────────┘

┌───────────┬────────────────┬─────────────────────────────────┐
│ Emulator  │ Host:Port      │ View in Emulator UI             │
├───────────┼────────────────┼─────────────────────────────────┤
│ Functions │ 127.0.0.1:5001 │ http://127.0.0.1:4000/functions │
└───────────┴────────────────┴─────────────────────────────────┘
  Emulator Hub running at 127.0.0.1:4400
  Other reserved ports: 4500

Issues? Report them at https://github.com/firebase/firebase-tools/issues and attach the *-debug.log files.
 
